  Account.cpp
  Cashier.cpp
C:\Users\WINDOWS 10\source\repos\Menu\Menu\NewYearDiscount.h(11,24): warning C4305: инициализация: усечение из "double" в "float"
C:\Users\WINDOWS 10\source\repos\Menu\Menu\TeachersDayDiscount.h(11,24): warning C4305: инициализация: усечение из "double" в "float"
C:\Users\WINDOWS 10\source\repos\Menu\Menu\WomensDayDiscount.h(11,24): warning C4305: инициализация: усечение из "double" в "float"
C:\Users\WINDOWS 10\source\repos\Menu\Menu\Cashier.cpp(29,29): warning C4244: аргумент: преобразование "float" в "int", возможна потеря данных
C:\Users\WINDOWS 10\source\repos\Menu\Menu\Cashier.cpp(31,16): warning C4244: аргумент: преобразование "float" в "int", возможна потеря данных
C:\Users\WINDOWS 10\source\repos\Menu\Menu\Cashier.cpp(34,31): warning C4244: аргумент: преобразование "float" в "int", возможна потеря данных
C:\Users\WINDOWS 10\source\repos\Menu\Menu\Cashier.cpp(36,16): warning C4244: аргумент: преобразование "float" в "int", возможна потеря данных
C:\Users\WINDOWS 10\source\repos\Menu\Menu\Cashier.cpp(40,33): warning C4244: аргумент: преобразование "float" в "int", возможна потеря данных
C:\Users\WINDOWS 10\source\repos\Menu\Menu\Cashier.cpp(42,16): warning C4244: аргумент: преобразование "float" в "int", возможна потеря данных
C:\Users\WINDOWS 10\source\repos\Menu\Menu\Cashier.cpp(47,16): warning C4244: аргумент: преобразование "float" в "int", возможна потеря данных
C:\Users\WINDOWS 10\source\repos\Menu\Menu\Cashier.cpp(58,17): warning C4244: =: преобразование "float" в "int", возможна потеря данных
C:\Users\WINDOWS 10\source\repos\Menu\Menu\Cashier.cpp(62,17): warning C4244: =: преобразование "float" в "int", возможна потеря данных
C:\Users\WINDOWS 10\source\repos\Menu\Menu\Cashier.cpp(66,17): warning C4244: =: преобразование "float" в "int", возможна потеря данных
  Display.cpp
C:\Users\WINDOWS 10\source\repos\Menu\Menu\NewYearDiscount.h(11,24): warning C4305: инициализация: усечение из "double" в "float"
C:\Users\WINDOWS 10\source\repos\Menu\Menu\TeachersDayDiscount.h(11,24): warning C4305: инициализация: усечение из "double" в "float"
C:\Users\WINDOWS 10\source\repos\Menu\Menu\WomensDayDiscount.h(11,24): warning C4305: инициализация: усечение из "double" в "float"
  main.cpp
C:\Users\WINDOWS 10\source\repos\Menu\Menu\NewYearDiscount.h(11,24): warning C4305: инициализация: усечение из "double" в "float"
C:\Users\WINDOWS 10\source\repos\Menu\Menu\TeachersDayDiscount.h(11,24): warning C4305: инициализация: усечение из "double" в "float"
C:\Users\WINDOWS 10\source\repos\Menu\Menu\WomensDayDiscount.h(11,24): warning C4305: инициализация: усечение из "double" в "float"
  Menu.cpp
  NewYearDiscount.cpp
C:\Users\WINDOWS 10\source\repos\Menu\Menu\NewYearDiscount.h(11,24): warning C4305: инициализация: усечение из "double" в "float"
C:\Users\WINDOWS 10\source\repos\Menu\Menu\NewYearDiscount.cpp(7,16): warning C4244: =: преобразование "float" в "int", возможна потеря данных
  SpecialDiscount.cpp
  Table.cpp
  TeachersDayDiscount.cpp
C:\Users\WINDOWS 10\source\repos\Menu\Menu\TeachersDayDiscount.h(11,24): warning C4305: инициализация: усечение из "double" в "float"
C:\Users\WINDOWS 10\source\repos\Menu\Menu\TeachersDayDiscount.cpp(7,16): warning C4244: =: преобразование "float" в "int", возможна потеря данных
  WomensDayDiscount.cpp
C:\Users\WINDOWS 10\source\repos\Menu\Menu\WomensDayDiscount.h(11,24): warning C4305: инициализация: усечение из "double" в "float"
  Создание кода
  Previous IPDB not found, fall back to full compilation.
  All 397 functions were compiled because no usable IPDB/IOBJ from previous compilation was found.
  Создание кода завершено
  Menu.vcxproj -> C:\Users\WINDOWS 10\source\repos\Menu\x64\Release\Menu.exe
