  Cashier.cpp
C:\Users\WINDOWS 10\source\repos\Menu\Menu\NewYearDiscount.h(11,24): warning C4305: инициализация: усечение из "double" в "float"
C:\Users\WINDOWS 10\source\repos\Menu\Menu\TeachersDayDiscount.h(11,24): warning C4305: инициализация: усечение из "double" в "float"
C:\Users\WINDOWS 10\source\repos\Menu\Menu\WomensDayDiscount.h(11,24): warning C4305: инициализация: усечение из "double" в "float"
C:\Users\WINDOWS 10\source\repos\Menu\Menu\Cashier.cpp(29,29): warning C4244: аргумент: преобразование "float" в "int", возможна потеря данных
C:\Users\WINDOWS 10\source\repos\Menu\Menu\Cashier.cpp(31,16): warning C4244: аргумент: преобразование "float" в "int", возможна потеря данных
C:\Users\WINDOWS 10\source\repos\Menu\Menu\Cashier.cpp(35,31): warning C4244: аргумент: преобразование "float" в "int", возможна потеря данных
C:\Users\WINDOWS 10\source\repos\Menu\Menu\Cashier.cpp(37,16): warning C4244: аргумент: преобразование "float" в "int", возможна потеря данных
C:\Users\WINDOWS 10\source\repos\Menu\Menu\Cashier.cpp(41,33): warning C4244: аргумент: преобразование "float" в "int", возможна потеря данных
C:\Users\WINDOWS 10\source\repos\Menu\Menu\Cashier.cpp(43,16): warning C4244: аргумент: преобразование "float" в "int", возможна потеря данных
C:\Users\WINDOWS 10\source\repos\Menu\Menu\Cashier.cpp(48,16): warning C4244: аргумент: преобразование "float" в "int", возможна потеря данных
C:\Users\WINDOWS 10\source\repos\Menu\Menu\Cashier.cpp(59,17): warning C4244: =: преобразование "float" в "int", возможна потеря данных
C:\Users\WINDOWS 10\source\repos\Menu\Menu\Cashier.cpp(63,17): warning C4244: =: преобразование "float" в "int", возможна потеря данных
C:\Users\WINDOWS 10\source\repos\Menu\Menu\Cashier.cpp(67,17): warning C4244: =: преобразование "float" в "int", возможна потеря данных
  Display.cpp
C:\Users\WINDOWS 10\source\repos\Menu\Menu\NewYearDiscount.h(11,24): warning C4305: инициализация: усечение из "double" в "float"
C:\Users\WINDOWS 10\source\repos\Menu\Menu\TeachersDayDiscount.h(11,24): warning C4305: инициализация: усечение из "double" в "float"
C:\Users\WINDOWS 10\source\repos\Menu\Menu\WomensDayDiscount.h(11,24): warning C4305: инициализация: усечение из "double" в "float"
  main.cpp
C:\Users\WINDOWS 10\source\repos\Menu\Menu\NewYearDiscount.h(11,24): warning C4305: инициализация: усечение из "double" в "float"
C:\Users\WINDOWS 10\source\repos\Menu\Menu\TeachersDayDiscount.h(11,24): warning C4305: инициализация: усечение из "double" в "float"
C:\Users\WINDOWS 10\source\repos\Menu\Menu\WomensDayDiscount.h(11,24): warning C4305: инициализация: усечение из "double" в "float"
  Создание кода...
  Menu.vcxproj -> C:\Users\WINDOWS 10\source\repos\Menu\x64\Debug\Menu.exe
